<?xml version="1.0" encoding="UTF-8"?>
<!-- Generated by org.testng.reporters.JUnitXMLReporter -->
<testsuite hostname="LAPTOP-7NC8C0E5" ignored="0" name="Test" tests="3" failures="0" timestamp="28 Apr 2019 13:24:46 GMT" time="124.922" errors="0">
  <testcase name="selectNonStopFilter" time="32.179" classname="com.mmt.tests.FilterPageTest"/>
  <testcase name="getTotalDepartureFlights" time="33.564" classname="com.mmt.tests.SearchPageTest"/>
  <testcase name="getTotalReturnFlights" time="27.154" classname="com.mmt.tests.SearchPageTest"/>
</testsuite> <!-- Test -->
