<?xml version="1.0" encoding="UTF-8"?>
<testng-results skipped="0" failed="0" ignored="0" total="2" passed="2">
  <reporter-output>
  </reporter-output>
  <suite name="Default suite" duration-ms="113712" started-at="2019-04-28T11:30:50Z" finished-at="2019-04-28T11:32:43Z">
    <groups>
    </groups>
    <test name="Default test" duration-ms="113712" started-at="2019-04-28T11:30:50Z" finished-at="2019-04-28T11:32:43Z">
      <class name="com.mmt.tests.SearchPageTest">
        <test-method status="PASS" signature="setUp()[pri:0, instance:com.mmt.tests.SearchPageTest@13deb50e]" name="setUp" is-config="true" duration-ms="21214" started-at="2019-04-28T11:30:50Z" finished-at="2019-04-28T11:31:11Z">
          <reporter-output>
          </reporter-output>
        </test-method> <!-- setUp -->
        <test-method status="PASS" signature="getTotalDepartureFlights()[pri:1, instance:com.mmt.tests.SearchPageTest@13deb50e]" name="getTotalDepartureFlights" duration-ms="38473" started-at="2019-04-28T11:31:11Z" finished-at="2019-04-28T11:31:50Z">
          <reporter-output>
          </reporter-output>
        </test-method> <!-- getTotalDepartureFlights -->
        <test-method status="PASS" signature="setUp()[pri:0, instance:com.mmt.tests.SearchPageTest@13deb50e]" name="setUp" is-config="true" duration-ms="15010" started-at="2019-04-28T11:31:50Z" finished-at="2019-04-28T11:32:05Z">
          <reporter-output>
          </reporter-output>
        </test-method> <!-- setUp -->
        <test-method status="PASS" signature="getTotalReturnFlights()[pri:2, instance:com.mmt.tests.SearchPageTest@13deb50e]" name="getTotalReturnFlights" duration-ms="38927" started-at="2019-04-28T11:32:05Z" finished-at="2019-04-28T11:32:43Z">
          <reporter-output>
          </reporter-output>
        </test-method> <!-- getTotalReturnFlights -->
      </class> <!-- com.mmt.tests.SearchPageTest -->
    </test> <!-- Default test -->
  </suite> <!-- Default suite -->
</testng-results>
