<?xml version="1.0" encoding="UTF-8"?>
<testng-results skipped="0" failed="0" ignored="0" total="3" passed="3">
  <reporter-output>
  </reporter-output>
  <suite name="Suite" duration-ms="124922" started-at="2019-04-28T13:22:40Z" finished-at="2019-04-28T13:24:45Z">
    <groups>
    </groups>
    <test name="Test" duration-ms="124922" started-at="2019-04-28T13:22:40Z" finished-at="2019-04-28T13:24:45Z">
      <class name="com.mmt.tests.FilterPageTest">
        <test-method status="PASS" signature="setUp()[pri:0, instance:com.mmt.tests.FilterPageTest@22635ba0]" name="setUp" is-config="true" duration-ms="10935" started-at="2019-04-28T13:22:40Z" finished-at="2019-04-28T13:22:51Z">
          <reporter-output>
          </reporter-output>
        </test-method> <!-- setUp -->
        <test-method status="PASS" signature="selectNonStopFilter()[pri:0, instance:com.mmt.tests.FilterPageTest@22635ba0]" name="selectNonStopFilter" duration-ms="32179" started-at="2019-04-28T13:22:51Z" finished-at="2019-04-28T13:23:23Z">
          <reporter-output>
          </reporter-output>
        </test-method> <!-- selectNonStopFilter -->
        <test-method status="PASS" signature="tearDown()[pri:0, instance:com.mmt.tests.FilterPageTest@22635ba0]" name="tearDown" is-config="true" duration-ms="892" started-at="2019-04-28T13:23:23Z" finished-at="2019-04-28T13:23:24Z">
          <reporter-output>
          </reporter-output>
        </test-method> <!-- tearDown -->
      </class> <!-- com.mmt.tests.FilterPageTest -->
      <class name="com.mmt.tests.SearchPageTest">
        <test-method status="PASS" signature="setUp()[pri:0, instance:com.mmt.tests.SearchPageTest@1df82230]" name="setUp" is-config="true" duration-ms="9586" started-at="2019-04-28T13:23:24Z" finished-at="2019-04-28T13:23:34Z">
          <reporter-output>
          </reporter-output>
        </test-method> <!-- setUp -->
        <test-method status="PASS" signature="getTotalDepartureFlights()[pri:1, instance:com.mmt.tests.SearchPageTest@1df82230]" name="getTotalDepartureFlights" duration-ms="33564" started-at="2019-04-28T13:23:34Z" finished-at="2019-04-28T13:24:08Z">
          <reporter-output>
          </reporter-output>
        </test-method> <!-- getTotalDepartureFlights -->
        <test-method status="PASS" signature="tearDown()[pri:0, instance:com.mmt.tests.SearchPageTest@1df82230]" name="tearDown" is-config="true" duration-ms="903" started-at="2019-04-28T13:24:08Z" finished-at="2019-04-28T13:24:08Z">
          <reporter-output>
          </reporter-output>
        </test-method> <!-- tearDown -->
        <test-method status="PASS" signature="setUp()[pri:0, instance:com.mmt.tests.SearchPageTest@1df82230]" name="setUp" is-config="true" duration-ms="8278" started-at="2019-04-28T13:24:09Z" finished-at="2019-04-28T13:24:17Z">
          <reporter-output>
          </reporter-output>
        </test-method> <!-- setUp -->
        <test-method status="PASS" signature="getTotalReturnFlights()[pri:2, instance:com.mmt.tests.SearchPageTest@1df82230]" name="getTotalReturnFlights" duration-ms="27154" started-at="2019-04-28T13:24:17Z" finished-at="2019-04-28T13:24:44Z">
          <reporter-output>
          </reporter-output>
        </test-method> <!-- getTotalReturnFlights -->
        <test-method status="PASS" signature="tearDown()[pri:0, instance:com.mmt.tests.SearchPageTest@1df82230]" name="tearDown" is-config="true" duration-ms="887" started-at="2019-04-28T13:24:44Z" finished-at="2019-04-28T13:24:45Z">
          <reporter-output>
          </reporter-output>
        </test-method> <!-- tearDown -->
      </class> <!-- com.mmt.tests.SearchPageTest -->
    </test> <!-- Test -->
  </suite> <!-- Suite -->
</testng-results>
